<?xml version="1.0" encoding="UTF-8"?>
<testng-results ignored="0" total="1" passed="1" failed="0" skipped="0">
  <reporter-output>
  </reporter-output>
  <suite started-at="2022-02-16T18:26:17 IST" name="Default suite" finished-at="2022-02-16T18:26:17 IST" duration-ms="177">
    <groups>
    </groups>
    <test started-at="2022-02-16T18:26:17 IST" name="Default test" finished-at="2022-02-16T18:26:17 IST" duration-ms="177">
      <class name="HelloWorld">
        <test-method signature="test()[pri:0, instance:HelloWorld@36d585c]" started-at="2022-02-16T18:26:17 IST" name="test" finished-at="2022-02-16T18:26:17 IST" duration-ms="33" status="PASS">
          <reporter-output>
          </reporter-output>
        </test-method> <!-- test -->
      </class> <!-- HelloWorld -->
    </test> <!-- Default test -->
  </suite> <!-- Default suite -->
</testng-results>
